<?xml version="1.0" encoding="UTF-8"?>
<!-- Generated by org.testng.reporters.JUnitReportReporter -->
<testsuite hostname="MD-NBW-0095" failures="0" tests="3" name="TestNG.MyDemoTest" time="0.007" errors="0" timestamp="2023-11-30T00:29:41 EET" skipped="0">
  <testcase classname="TestNG.MyDemoTest" name="setup" time="0.006"/>
  <testcase classname="TestNG.MyDemoTest" name="testSteps" time="0.000"/>
  <testcase classname="TestNG.MyDemoTest" name="tierDown" time="0.001"/>
</testsuite> <!-- TestNG.MyDemoTest -->
